#! /c/Source/iverilog-install/bin/vvp
:ivl_version "12.0 (devel)" "(s20150603-1539-g2693dd32b)";
:ivl_delay_selection "TYPICAL";
:vpi_time_precision + 0;
:vpi_module "D:\iverilog\lib\ivl\system.vpi";
:vpi_module "D:\iverilog\lib\ivl\vhdl_sys.vpi";
:vpi_module "D:\iverilog\lib\ivl\vhdl_textio.vpi";
:vpi_module "D:\iverilog\lib\ivl\v2005_math.vpi";
:vpi_module "D:\iverilog\lib\ivl\va_math.vpi";
S_000001bc3fac5420 .scope module, "tb_toy_processor" "tb_toy_processor" 2 3;
 .timescale 0 0;
v000001bc3fb46e50_0 .var "clk", 0 0;
v000001bc3fb46810_0 .var "reset", 0 0;
E_000001bc3faeb880 .event posedge, v000001bc3fb46360_0;
E_000001bc3faeb440 .event anyedge, v000001bc3fb47350_0;
S_000001bc3fac4ac0 .scope begin, "$ivl_for_loop0" "$ivl_for_loop0" 2 28, 2 28 0, S_000001bc3fac5420;
 .timescale 0 0;
v000001bc3fab9e70_0 .var/i "i", 31 0;
S_000001bc3fa92510 .scope begin, "$ivl_for_loop1" "$ivl_for_loop1" 2 39, 2 39 0, S_000001bc3fac5420;
 .timescale 0 0;
v000001bc3fab9f10_0 .var/i "i", 31 0;
S_000001bc3fa926a0 .scope begin, "$ivl_for_loop2" "$ivl_for_loop2" 2 50, 2 50 0, S_000001bc3fac5420;
 .timescale 0 0;
v000001bc3fac4c50_0 .var/i "i", 31 0;
S_000001bc3fb46040 .scope begin, "$ivl_for_loop3" "$ivl_for_loop3" 2 61, 2 61 0, S_000001bc3fac5420;
 .timescale 0 0;
v000001bc3fac4cf0_0 .var/i "i", 31 0;
S_000001bc3fb461d0 .scope module, "uut" "toy_processor" 2 8, 3 1 0, S_000001bc3fac5420;
 .timescale 0 0;
    .port_info 0 /INPUT 1 "clk";
    .port_info 1 /INPUT 1 "reset";
L_000001bc3fad61d0 .functor BUFZ 32, L_000001bc3fb47170, C4<00000000000000000000000000000000>, C4<00000000000000000000000000000000>, C4<00000000000000000000000000000000>;
v000001bc3fa92830_0 .net *"_ivl_0", 31 0, L_000001bc3fb47170;  1 drivers
v000001bc3fa928d0_0 .var "address", 25 0;
v000001bc3fb46360_0 .net "clk", 0 0, v000001bc3fb46e50_0;  1 drivers
v000001bc3fb46400 .array "data_mem", 63 0, 31 0;
v000001bc3fb464a0_0 .var "funct", 5 0;
v000001bc3fb46540_0 .var "immediate", 15 0;
v000001bc3fb465e0 .array "inst_mem", 63 0, 31 0;
v000001bc3fb47350_0 .net "instruction", 31 0, L_000001bc3fad61d0;  1 drivers
v000001bc3fb468b0_0 .var "opcode", 5 0;
v000001bc3fb473f0_0 .var "pc", 7 0;
v000001bc3fb46770_0 .var "rd", 4 0;
v000001bc3fb46bd0_0 .net "reset", 0 0, v000001bc3fb46810_0;  1 drivers
v000001bc3fb46c70 .array "rf", 31 0, 31 0;
v000001bc3fb47490_0 .var "rs", 4 0;
v000001bc3fb46d10_0 .var "rt", 4 0;
v000001bc3fb470d0_0 .var "shamt", 4 0;
E_000001bc3faebcc0 .event posedge, v000001bc3fb46bd0_0, v000001bc3fb46360_0;
L_000001bc3fb47170 .array/port v000001bc3fb465e0, v000001bc3fb473f0_0;
    .scope S_000001bc3fb461d0;
T_0 ;
    %wait E_000001bc3faebcc0;
    %load/vec4 v000001bc3fb46bd0_0;
    %flag_set/vec4 8;
    %jmp/0xz  T_0.0, 8;
    %pushi/vec4 0, 0, 8;
    %assign/vec4 v000001bc3fb473f0_0, 0;
    %jmp T_0.1;
T_0.0 ;
    %load/vec4 v000001bc3fb47350_0;
    %parti/s 6, 26, 6;
    %assign/vec4 v000001bc3fb468b0_0, 0;
    %load/vec4 v000001bc3fb47350_0;
    %parti/s 5, 21, 6;
    %assign/vec4 v000001bc3fb47490_0, 0;
    %load/vec4 v000001bc3fb47350_0;
    %parti/s 5, 16, 6;
    %assign/vec4 v000001bc3fb46d10_0, 0;
    %load/vec4 v000001bc3fb47350_0;
    %parti/s 5, 11, 5;
    %assign/vec4 v000001bc3fb46770_0, 0;
    %load/vec4 v000001bc3fb47350_0;
    %parti/s 5, 6, 4;
    %assign/vec4 v000001bc3fb470d0_0, 0;
    %load/vec4 v000001bc3fb47350_0;
    %parti/s 16, 0, 2;
    %assign/vec4 v000001bc3fb46540_0, 0;
    %load/vec4 v000001bc3fb47350_0;
    %parti/s 26, 0, 2;
    %assign/vec4 v000001bc3fa928d0_0, 0;
    %load/vec4 v000001bc3fb47350_0;
    %parti/s 6, 0, 2;
    %assign/vec4 v000001bc3fb464a0_0, 0;
    %load/vec4 v000001bc3fb473f0_0;
    %addi 1, 0, 8;
    %assign/vec4 v000001bc3fb473f0_0, 0;
    %load/vec4 v000001bc3fb468b0_0;
    %dup/vec4;
    %pushi/vec4 9, 0, 6;
    %cmp/u;
    %jmp/1 T_0.2, 6;
    %dup/vec4;
    %pushi/vec4 8, 0, 6;
    %cmp/u;
    %jmp/1 T_0.3, 6;
    %dup/vec4;
    %pushi/vec4 35, 0, 6;
    %cmp/u;
    %jmp/1 T_0.4, 6;
    %dup/vec4;
    %pushi/vec4 43, 0, 6;
    %cmp/u;
    %jmp/1 T_0.5, 6;
    %dup/vec4;
    %pushi/vec4 0, 0, 6;
    %cmp/u;
    %jmp/1 T_0.6, 6;
    %dup/vec4;
    %pushi/vec4 7, 0, 6;
    %cmp/u;
    %jmp/1 T_0.7, 6;
    %dup/vec4;
    %pushi/vec4 6, 0, 6;
    %cmp/u;
    %jmp/1 T_0.8, 6;
    %dup/vec4;
    %pushi/vec4 2, 0, 6;
    %cmp/u;
    %jmp/1 T_0.9, 6;
    %vpi_call 3 110 "$display", "Unknown opcode: %b", v000001bc3fb468b0_0 {0 0 0};
    %jmp T_0.11;
T_0.2 ;
    %load/vec4 v000001bc3fb46540_0;
    %parti/s 1, 15, 5;
    %replicate 16;
    %load/vec4 v000001bc3fb46540_0;
    %concat/vec4; draw_concat_vec4
    %load/vec4 v000001bc3fb46d10_0;
    %pad/u 7;
    %ix/vec4 3;
    %ix/load 4, 0, 0; Constant delay
    %assign/vec4/a/d v000001bc3fb46c70, 0, 4;
    %vpi_call 3 46 "$display", "li $%-2d, %-d", v000001bc3fb46d10_0, v000001bc3fb46540_0 {0 0 0};
    %jmp T_0.11;
T_0.3 ;
    %load/vec4 v000001bc3fb47490_0;
    %pad/u 7;
    %ix/vec4 4;
    %load/vec4a v000001bc3fb46c70, 4;
    %load/vec4 v000001bc3fb46540_0;
    %pad/u 32;
    %add;
    %load/vec4 v000001bc3fb46d10_0;
    %pad/u 7;
    %ix/vec4 3;
    %ix/load 4, 0, 0; Constant delay
    %assign/vec4/a/d v000001bc3fb46c70, 0, 4;
    %vpi_call 3 50 "$display", "addi $%-2d, $%-2d, %-d", v000001bc3fb46d10_0, v000001bc3fb47490_0, v000001bc3fb46540_0 {0 0 0};
    %jmp T_0.11;
T_0.4 ;
    %load/vec4 v000001bc3fb47490_0;
    %pad/u 7;
    %ix/vec4 5;
    %load/vec4a v000001bc3fb46c70, 5;
    %load/vec4 v000001bc3fb46540_0;
    %pad/u 32;
    %add;
    %ix/vec4 4;
    %load/vec4a v000001bc3fb46400, 4;
    %load/vec4 v000001bc3fb46d10_0;
    %pad/u 7;
    %ix/vec4 3;
    %ix/load 4, 0, 0; Constant delay
    %assign/vec4/a/d v000001bc3fb46c70, 0, 4;
    %vpi_call 3 54 "$display", "lw $%-2d, %-d($%-2d)", v000001bc3fb46d10_0, v000001bc3fb46540_0, v000001bc3fb47490_0 {0 0 0};
    %jmp T_0.11;
T_0.5 ;
    %load/vec4 v000001bc3fb46d10_0;
    %pad/u 7;
    %ix/vec4 4;
    %load/vec4a v000001bc3fb46c70, 4;
    %load/vec4 v000001bc3fb47490_0;
    %pad/u 7;
    %ix/vec4 4;
    %load/vec4a v000001bc3fb46c70, 4;
    %load/vec4 v000001bc3fb46540_0;
    %pad/u 32;
    %add;
    %ix/vec4 3;
    %ix/load 4, 0, 0; Constant delay
    %assign/vec4/a/d v000001bc3fb46400, 0, 4;
    %vpi_call 3 58 "$display", "sw $%-2d, %-d($%-2d)", v000001bc3fb46d10_0, v000001bc3fb46540_0, v000001bc3fb47490_0 {0 0 0};
    %jmp T_0.11;
T_0.6 ;
    %load/vec4 v000001bc3fb464a0_0;
    %dup/vec4;
    %pushi/vec4 0, 0, 6;
    %cmp/u;
    %jmp/1 T_0.12, 6;
    %dup/vec4;
    %pushi/vec4 2, 0, 6;
    %cmp/u;
    %jmp/1 T_0.13, 6;
    %dup/vec4;
    %pushi/vec4 32, 0, 6;
    %cmp/u;
    %jmp/1 T_0.14, 6;
    %dup/vec4;
    %pushi/vec4 34, 0, 6;
    %cmp/u;
    %jmp/1 T_0.15, 6;
    %dup/vec4;
    %pushi/vec4 33, 0, 6;
    %cmp/u;
    %jmp/1 T_0.16, 6;
    %dup/vec4;
    %pushi/vec4 63, 0, 6;
    %cmp/u;
    %jmp/1 T_0.17, 6;
    %dup/vec4;
    %pushi/vec4 15, 0, 6;
    %cmp/u;
    %jmp/1 T_0.18, 6;
    %vpi_call 3 89 "$display", "Unknown funct: %b", v000001bc3fb464a0_0 {0 0 0};
    %jmp T_0.20;
T_0.12 ;
    %load/vec4 v000001bc3fb46d10_0;
    %pad/u 7;
    %ix/vec4 4;
    %load/vec4a v000001bc3fb46c70, 4;
    %ix/getv 4, v000001bc3fb470d0_0;
    %shiftl 4;
    %load/vec4 v000001bc3fb46770_0;
    %pad/u 7;
    %ix/vec4 3;
    %ix/load 4, 0, 0; Constant delay
    %assign/vec4/a/d v000001bc3fb46c70, 0, 4;
    %vpi_call 3 64 "$display", "sll $%-2d, $%-2d, $%-d", v000001bc3fb46770_0, v000001bc3fb46d10_0, v000001bc3fb470d0_0 {0 0 0};
    %jmp T_0.20;
T_0.13 ;
    %load/vec4 v000001bc3fb46d10_0;
    %pad/u 7;
    %ix/vec4 4;
    %load/vec4a v000001bc3fb46c70, 4;
    %ix/getv 4, v000001bc3fb470d0_0;
    %shiftr 4;
    %load/vec4 v000001bc3fb46770_0;
    %pad/u 7;
    %ix/vec4 3;
    %ix/load 4, 0, 0; Constant delay
    %assign/vec4/a/d v000001bc3fb46c70, 0, 4;
    %vpi_call 3 68 "$display", "srl $%-2d, $%-2d, $%-d", v000001bc3fb46770_0, v000001bc3fb46d10_0, v000001bc3fb470d0_0 {0 0 0};
    %jmp T_0.20;
T_0.14 ;
    %load/vec4 v000001bc3fb47490_0;
    %pad/u 7;
    %ix/vec4 4;
    %load/vec4a v000001bc3fb46c70, 4;
    %load/vec4 v000001bc3fb46d10_0;
    %pad/u 7;
    %ix/vec4 4;
    %load/vec4a v000001bc3fb46c70, 4;
    %add;
    %load/vec4 v000001bc3fb46770_0;
    %pad/u 7;
    %ix/vec4 3;
    %ix/load 4, 0, 0; Constant delay
    %assign/vec4/a/d v000001bc3fb46c70, 0, 4;
    %vpi_call 3 72 "$display", "add $%-2d, $%-2d, $%-2d", v000001bc3fb46770_0, v000001bc3fb47490_0, v000001bc3fb46d10_0 {0 0 0};
    %jmp T_0.20;
T_0.15 ;
    %load/vec4 v000001bc3fb47490_0;
    %pad/u 7;
    %ix/vec4 4;
    %load/vec4a v000001bc3fb46c70, 4;
    %load/vec4 v000001bc3fb46d10_0;
    %pad/u 7;
    %ix/vec4 4;
    %load/vec4a v000001bc3fb46c70, 4;
    %sub;
    %load/vec4 v000001bc3fb46770_0;
    %pad/u 7;
    %ix/vec4 3;
    %ix/load 4, 0, 0; Constant delay
    %assign/vec4/a/d v000001bc3fb46c70, 0, 4;
    %vpi_call 3 76 "$display", "sub $%-2d, $%-2d, $%-2d", v000001bc3fb46770_0, v000001bc3fb47490_0, v000001bc3fb46d10_0 {0 0 0};
    %jmp T_0.20;
T_0.16 ;
    %load/vec4 v000001bc3fb47490_0;
    %pad/u 7;
    %ix/vec4 4;
    %load/vec4a v000001bc3fb46c70, 4;
    %load/vec4 v000001bc3fb46770_0;
    %pad/u 7;
    %ix/vec4 3;
    %ix/load 4, 0, 0; Constant delay
    %assign/vec4/a/d v000001bc3fb46c70, 0, 4;
    %vpi_call 3 80 "$display", "move $%-2d, $%-2d", v000001bc3fb46770_0, v000001bc3fb47490_0 {0 0 0};
    %jmp T_0.20;
T_0.17 ;
    %vpi_call 3 83 "$display", "halt" {0 0 0};
    %jmp T_0.20;
T_0.18 ;
    %vpi_call 3 86 "$display", "nop" {0 0 0};
    %jmp T_0.20;
T_0.20 ;
    %pop/vec4 1;
    %jmp T_0.11;
T_0.7 ;
    %load/vec4 v000001bc3fb46d10_0;
    %pad/u 7;
    %ix/vec4 4;
    %load/vec4a v000001bc3fb46c70, 4;
    %load/vec4 v000001bc3fb47490_0;
    %pad/u 7;
    %ix/vec4 4;
    %load/vec4a v000001bc3fb46c70, 4;
    %cmp/u;
    %flag_or 5, 4;
    %jmp/0xz  T_0.21, 5;
    %load/vec4 v000001bc3fb46540_0;
    %pad/u 8;
    %assign/vec4 v000001bc3fb473f0_0, 0;
    %vpi_call 3 96 "$display", "bge $%-2d, $%-2d, label", v000001bc3fb47490_0, v000001bc3fb46d10_0 {0 0 0};
T_0.21 ;
    %jmp T_0.11;
T_0.8 ;
    %load/vec4 v000001bc3fb47490_0;
    %pad/u 7;
    %ix/vec4 4;
    %load/vec4a v000001bc3fb46c70, 4;
    %load/vec4 v000001bc3fb46d10_0;
    %pad/u 7;
    %ix/vec4 4;
    %load/vec4a v000001bc3fb46c70, 4;
    %cmp/u;
    %flag_or 5, 4;
    %jmp/0xz  T_0.23, 5;
    %load/vec4 v000001bc3fb46540_0;
    %pad/u 8;
    %assign/vec4 v000001bc3fb473f0_0, 0;
    %vpi_call 3 102 "$display", "ble $%-2d, $%-2d, label", v000001bc3fb47490_0, v000001bc3fb46d10_0 {0 0 0};
T_0.23 ;
    %jmp T_0.11;
T_0.9 ;
    %load/vec4 v000001bc3fa928d0_0;
    %parti/s 8, 0, 2;
    %assign/vec4 v000001bc3fb473f0_0, 0;
    %vpi_call 3 107 "$display", "j label %-d", v000001bc3fa928d0_0 {0 0 0};
    %jmp T_0.11;
T_0.11 ;
    %pop/vec4 1;
T_0.1 ;
    %jmp T_0;
    .thread T_0;
    .scope S_000001bc3fac5420;
T_1 ;
    %delay 5, 0;
    %load/vec4 v000001bc3fb46e50_0;
    %inv;
    %store/vec4 v000001bc3fb46e50_0, 0, 1;
    %jmp T_1;
    .thread T_1;
    .scope S_000001bc3fac5420;
T_2 ;
    %pushi/vec4 0, 0, 1;
    %store/vec4 v000001bc3fb46e50_0, 0, 1;
    %pushi/vec4 1, 0, 1;
    %store/vec4 v000001bc3fb46810_0, 0, 1;
    %delay 20, 0;
    %pushi/vec4 0, 0, 1;
    %store/vec4 v000001bc3fb46810_0, 0, 1;
T_2.0 ;
    %load/vec4 v000001bc3fb47350_0;
    %pushi/vec4 63, 0, 32;
    %cmp/e;
    %flag_get/vec4 4;
    %cmpi/ne 1, 0, 1;
    %jmp/0xz T_2.1, 6;
    %wait E_000001bc3faeb440;
    %jmp T_2.0;
T_2.1 ;
    %delay 20, 0;
    %vpi_call 2 25 "$display", "\012-----------------" {0 0 0};
    %vpi_call 2 26 "$display", "Data Memory (HEX)" {0 0 0};
    %vpi_call 2 27 "$display", "-----------------" {0 0 0};
    %fork t_1, S_000001bc3fac4ac0;
    %jmp t_0;
    .scope S_000001bc3fac4ac0;
t_1 ;
    %pushi/vec4 0, 0, 32;
    %store/vec4 v000001bc3fab9e70_0, 0, 32;
T_2.2 ;
    %load/vec4 v000001bc3fab9e70_0;
    %cmpi/s 64, 0, 32;
    %jmp/0xz T_2.3, 5;
    %load/vec4 v000001bc3fab9e70_0;
    %addi 1, 0, 32;
    %ix/vec4/s 4;
    %load/vec4a v000001bc3fb46400, 4;
    %load/vec4 v000001bc3fab9e70_0;
    %addi 2, 0, 32;
    %ix/vec4/s 4;
    %load/vec4a v000001bc3fb46400, 4;
    %load/vec4 v000001bc3fab9e70_0;
    %addi 3, 0, 32;
    %ix/vec4/s 4;
    %load/vec4a v000001bc3fb46400, 4;
    %load/vec4 v000001bc3fab9e70_0;
    %addi 4, 0, 32;
    %ix/vec4/s 4;
    %load/vec4a v000001bc3fb46400, 4;
    %load/vec4 v000001bc3fab9e70_0;
    %addi 5, 0, 32;
    %ix/vec4/s 4;
    %load/vec4a v000001bc3fb46400, 4;
    %load/vec4 v000001bc3fab9e70_0;
    %addi 6, 0, 32;
    %ix/vec4/s 4;
    %load/vec4a v000001bc3fb46400, 4;
    %load/vec4 v000001bc3fab9e70_0;
    %addi 7, 0, 32;
    %ix/vec4/s 4;
    %load/vec4a v000001bc3fb46400, 4;
    %vpi_call 2 29 "$display", "%-3d: %08h %08h %08h %08h %08h %08h %08h %08h", v000001bc3fab9e70_0, &A<v000001bc3fb46400, v000001bc3fab9e70_0 >, S<6,vec4,u32>, S<5,vec4,u32>, S<4,vec4,u32>, S<3,vec4,u32>, S<2,vec4,u32>, S<1,vec4,u32>, S<0,vec4,u32> {7 0 0};
    %load/vec4 v000001bc3fab9e70_0;
    %addi 8, 0, 32;
    %store/vec4 v000001bc3fab9e70_0, 0, 32;
    %jmp T_2.2;
T_2.3 ;
    %end;
    .scope S_000001bc3fac5420;
t_0 %join;
    %vpi_call 2 36 "$display", "\012-------------------" {0 0 0};
    %vpi_call 2 37 "$display", "Register File (HEX)" {0 0 0};
    %vpi_call 2 38 "$display", "-------------------" {0 0 0};
    %fork t_3, S_000001bc3fa92510;
    %jmp t_2;
    .scope S_000001bc3fa92510;
t_3 ;
    %pushi/vec4 0, 0, 32;
    %store/vec4 v000001bc3fab9f10_0, 0, 32;
T_2.4 ;
    %load/vec4 v000001bc3fab9f10_0;
    %cmpi/s 32, 0, 32;
    %jmp/0xz T_2.5, 5;
    %load/vec4 v000001bc3fab9f10_0;
    %addi 1, 0, 32;
    %ix/vec4/s 4;
    %load/vec4a v000001bc3fb46c70, 4;
    %load/vec4 v000001bc3fab9f10_0;
    %addi 2, 0, 32;
    %ix/vec4/s 4;
    %load/vec4a v000001bc3fb46c70, 4;
    %load/vec4 v000001bc3fab9f10_0;
    %addi 3, 0, 32;
    %ix/vec4/s 4;
    %load/vec4a v000001bc3fb46c70, 4;
    %load/vec4 v000001bc3fab9f10_0;
    %addi 4, 0, 32;
    %ix/vec4/s 4;
    %load/vec4a v000001bc3fb46c70, 4;
    %load/vec4 v000001bc3fab9f10_0;
    %addi 5, 0, 32;
    %ix/vec4/s 4;
    %load/vec4a v000001bc3fb46c70, 4;
    %load/vec4 v000001bc3fab9f10_0;
    %addi 6, 0, 32;
    %ix/vec4/s 4;
    %load/vec4a v000001bc3fb46c70, 4;
    %load/vec4 v000001bc3fab9f10_0;
    %addi 7, 0, 32;
    %ix/vec4/s 4;
    %load/vec4a v000001bc3fb46c70, 4;
    %vpi_call 2 40 "$display", "$%-2d: %08h %08h %08h %08h %08h %08h %08h %08h", v000001bc3fab9f10_0, &A<v000001bc3fb46c70, v000001bc3fab9f10_0 >, S<6,vec4,u32>, S<5,vec4,u32>, S<4,vec4,u32>, S<3,vec4,u32>, S<2,vec4,u32>, S<1,vec4,u32>, S<0,vec4,u32> {7 0 0};
    %load/vec4 v000001bc3fab9f10_0;
    %addi 8, 0, 32;
    %store/vec4 v000001bc3fab9f10_0, 0, 32;
    %jmp T_2.4;
T_2.5 ;
    %end;
    .scope S_000001bc3fac5420;
t_2 %join;
    %vpi_call 2 47 "$display", "\012-----------------" {0 0 0};
    %vpi_call 2 48 "$display", "Data Memory (DEC)" {0 0 0};
    %vpi_call 2 49 "$display", "-----------------" {0 0 0};
    %fork t_5, S_000001bc3fa926a0;
    %jmp t_4;
    .scope S_000001bc3fa926a0;
t_5 ;
    %pushi/vec4 0, 0, 32;
    %store/vec4 v000001bc3fac4c50_0, 0, 32;
T_2.6 ;
    %load/vec4 v000001bc3fac4c50_0;
    %cmpi/s 64, 0, 32;
    %jmp/0xz T_2.7, 5;
    %load/vec4 v000001bc3fac4c50_0;
    %addi 1, 0, 32;
    %ix/vec4/s 4;
    %load/vec4a v000001bc3fb46400, 4;
    %load/vec4 v000001bc3fac4c50_0;
    %addi 2, 0, 32;
    %ix/vec4/s 4;
    %load/vec4a v000001bc3fb46400, 4;
    %load/vec4 v000001bc3fac4c50_0;
    %addi 3, 0, 32;
    %ix/vec4/s 4;
    %load/vec4a v000001bc3fb46400, 4;
    %load/vec4 v000001bc3fac4c50_0;
    %addi 4, 0, 32;
    %ix/vec4/s 4;
    %load/vec4a v000001bc3fb46400, 4;
    %load/vec4 v000001bc3fac4c50_0;
    %addi 5, 0, 32;
    %ix/vec4/s 4;
    %load/vec4a v000001bc3fb46400, 4;
    %load/vec4 v000001bc3fac4c50_0;
    %addi 6, 0, 32;
    %ix/vec4/s 4;
    %load/vec4a v000001bc3fb46400, 4;
    %load/vec4 v000001bc3fac4c50_0;
    %addi 7, 0, 32;
    %ix/vec4/s 4;
    %load/vec4a v000001bc3fb46400, 4;
    %vpi_call 2 51 "$display", "%-3d: %8d %8d %8d %8d %8d %8d %8d %8d", v000001bc3fac4c50_0, &A<v000001bc3fb46400, v000001bc3fac4c50_0 >, S<6,vec4,u32>, S<5,vec4,u32>, S<4,vec4,u32>, S<3,vec4,u32>, S<2,vec4,u32>, S<1,vec4,u32>, S<0,vec4,u32> {7 0 0};
    %load/vec4 v000001bc3fac4c50_0;
    %addi 8, 0, 32;
    %store/vec4 v000001bc3fac4c50_0, 0, 32;
    %jmp T_2.6;
T_2.7 ;
    %end;
    .scope S_000001bc3fac5420;
t_4 %join;
    %vpi_call 2 58 "$display", "\012-------------------" {0 0 0};
    %vpi_call 2 59 "$display", "Register File (DEC)" {0 0 0};
    %vpi_call 2 60 "$display", "-------------------" {0 0 0};
    %fork t_7, S_000001bc3fb46040;
    %jmp t_6;
    .scope S_000001bc3fb46040;
t_7 ;
    %pushi/vec4 0, 0, 32;
    %store/vec4 v000001bc3fac4cf0_0, 0, 32;
T_2.8 ;
    %load/vec4 v000001bc3fac4cf0_0;
    %cmpi/s 32, 0, 32;
    %jmp/0xz T_2.9, 5;
    %load/vec4 v000001bc3fac4cf0_0;
    %addi 1, 0, 32;
    %ix/vec4/s 4;
    %load/vec4a v000001bc3fb46c70, 4;
    %load/vec4 v000001bc3fac4cf0_0;
    %addi 2, 0, 32;
    %ix/vec4/s 4;
    %load/vec4a v000001bc3fb46c70, 4;
    %load/vec4 v000001bc3fac4cf0_0;
    %addi 3, 0, 32;
    %ix/vec4/s 4;
    %load/vec4a v000001bc3fb46c70, 4;
    %load/vec4 v000001bc3fac4cf0_0;
    %addi 4, 0, 32;
    %ix/vec4/s 4;
    %load/vec4a v000001bc3fb46c70, 4;
    %load/vec4 v000001bc3fac4cf0_0;
    %addi 5, 0, 32;
    %ix/vec4/s 4;
    %load/vec4a v000001bc3fb46c70, 4;
    %load/vec4 v000001bc3fac4cf0_0;
    %addi 6, 0, 32;
    %ix/vec4/s 4;
    %load/vec4a v000001bc3fb46c70, 4;
    %load/vec4 v000001bc3fac4cf0_0;
    %addi 7, 0, 32;
    %ix/vec4/s 4;
    %load/vec4a v000001bc3fb46c70, 4;
    %vpi_call 2 62 "$display", "$%-2d: %8d %8d %8d %8d %8d %8d %8d %8d", v000001bc3fac4cf0_0, &A<v000001bc3fb46c70, v000001bc3fac4cf0_0 >, S<6,vec4,u32>, S<5,vec4,u32>, S<4,vec4,u32>, S<3,vec4,u32>, S<2,vec4,u32>, S<1,vec4,u32>, S<0,vec4,u32> {7 0 0};
    %load/vec4 v000001bc3fac4cf0_0;
    %addi 8, 0, 32;
    %store/vec4 v000001bc3fac4cf0_0, 0, 32;
    %jmp T_2.8;
T_2.9 ;
    %end;
    .scope S_000001bc3fac5420;
t_6 %join;
    %pushi/vec4 1, 0, 1;
    %store/vec4 v000001bc3fb46810_0, 0, 1;
    %vpi_call 2 69 "$display", "\000" {0 0 0};
    %vpi_call 2 70 "$finish" {0 0 0};
    %end;
    .thread T_2;
    .scope S_000001bc3fac5420;
T_3 ;
    %vpi_call 2 74 "$readmemh", "data_mem.hex", v000001bc3fb46400 {0 0 0};
    %vpi_call 2 75 "$readmemh", "inst_mem.hex", v000001bc3fb465e0 {0 0 0};
    %vpi_call 2 76 "$readmemh", "rf.hex", v000001bc3fb46c70 {0 0 0};
    %end;
    .thread T_3;
    .scope S_000001bc3fac5420;
T_4 ;
    %wait E_000001bc3faeb880;
    %load/vec4 v000001bc3fb46810_0;
    %pad/u 32;
    %cmpi/e 0, 0, 32;
    %jmp/0xz  T_4.0, 4;
    %vpi_call 2 81 "$write", "%2d %8h    // ", v000001bc3fb473f0_0, v000001bc3fb47350_0 {0 0 0};
T_4.0 ;
    %jmp T_4;
    .thread T_4;
    .scope S_000001bc3fac5420;
T_5 ;
    %vpi_call 2 85 "$dumpfile", "toy-mips.vcd" {0 0 0};
    %vpi_call 2 86 "$dumpvars", 32'sb00000000000000000000000000000000, S_000001bc3fac5420 {0 0 0};
    %end;
    .thread T_5;
# The file index is used to find the file name in the following table.
:file_names 4;
    "N/A";
    "<interactive>";
    ".\toy-mips-tb.v";
    "./toy-mips.v";
